 
+++++++++++++++++++++++++++++++++++++++++++++++++++++++++++++++++++++++++++
 
first row of each table gives fwe                                         1

The FREQ Procedure

Table of diff by atleastonetukey

diff      atleastonetukey

Frequency|
Percent  |
Row Pct  |
Col Pct  |       0|       1|  Total
---------+--------+--------+
none     |    969 |     31 |   1000
         |  48.45 |   1.55 |  50.00
         |  96.90 |   3.10 |
         |  98.68 |   3.05 |
---------+--------+--------+
real     |     13 |    987 |   1000
         |   0.65 |  49.35 |  50.00
         |   1.30 |  98.70 |
         |   1.32 |  96.95 |
---------+--------+--------+
Total         982     1018     2000
            49.10    50.90   100.00


Table of diff by atleastonebon

diff      atleastonebon

Frequency|
Percent  |
Row Pct  |
Col Pct  |       0|       1|  Total
---------+--------+--------+
none     |    976 |     24 |   1000
         |  48.80 |   1.20 |  50.00
         |  97.60 |   2.40 |
         |  98.39 |   2.38 |
---------+--------+--------+
real     |     16 |    984 |   1000
         |   0.80 |  49.20 |  50.00
         |   1.60 |  98.40 |
         |   1.61 |  97.62 |
---------+--------+--------+
Total         992     1008     2000
            49.60    50.40   100.00
 
+++++++++++++++++++++++++++++++++++++++++++++++++++++++++++++++++++++++++++
 
divide sum in 1st row, 2nd col by nsims to get lsd fwe                    2
lsd=least sign. difference, fwe=familywise error rate

The FREQ Procedure

Table 1 of diff by atleastonet
Controlling for fsig05=0

diff      atleastonet

Frequency|
Percent  |
Row Pct  |
Col Pct  |       0|       1|  Total
---------+--------+--------+
none     |     10 |      0 |     10
         |  50.00 |   0.00 |  50.00
         | 100.00 |   0.00 |
         | 100.00 |   0.00 |
---------+--------+--------+
real     |      0 |     10 |     10
         |   0.00 |  50.00 |  50.00
         |   0.00 | 100.00 |
         |   0.00 | 100.00 |
---------+--------+--------+
Total          10       10       20
            50.00    50.00   100.00


Table 2 of diff by atleastonet
Controlling for fsig05=1

diff      atleastonet

Frequency|
Percent  |
Row Pct  |
Col Pct  |       0|       1|  Total
---------+--------+--------+
none     |    813 |    177 |    990
         |  41.06 |   8.94 |  50.00
         |  82.12 |  17.88 |
         | 100.00 |  15.17 |
---------+--------+--------+
real     |      0 |    990 |    990
         |   0.00 |  50.00 |  50.00
         |   0.00 | 100.00 |
         |   0.00 |  84.83 |
---------+--------+--------+
Total         813     1167     1980
            41.06    58.94   100.00
