                              The SAS System                              1

                             The GLM Procedure

                         Class Level Information
 
                   Class         Levels    Values

                   b                  4    10 20 30 40 

                   a                  3    1 2 3       


                  Number of Observations Read          36
                  Number of Observations Used          36
                              The SAS System                              2

                             The GLM Procedure
 
                         Dependent Variable: y   

                                     Sum of
 Source                    DF       Squares   Mean Square  F Value  Pr > F

 Model                     11   422.3155556    38.3923232    24.22  <.0001

 Error                     24    38.0400000     1.5850000                 

 Corrected Total           35   460.3555556                               


            R-Square     Coeff Var      Root MSE        y Mean

            0.917368      9.064568      1.258968      13.88889


 Source                    DF     Type I SS   Mean Square  F Value  Pr > F

 a                          2   327.5972222   163.7986111   103.34  <.0001
 b                          3    86.6866667    28.8955556    18.23  <.0001
 b*a                        6     8.0316667     1.3386111     0.84  0.5484


 Source                    DF   Type III SS   Mean Square  F Value  Pr > F

 a                          2   327.5972222   163.7986111   103.34  <.0001
 b                          3    86.6866667    28.8955556    18.23  <.0001
 b*a                        6     8.0316667     1.3386111     0.84  0.5484
                              The SAS System                              3

                             The GLM Procedure

             Level of            --------------y--------------
             a             N             Mean          Std Dev

             1            12       11.3333333       1.88309867
             2            12       12.2083333       2.34887142
             3            12       18.1250000       1.73369023


             Level of           --------------y--------------
             b            N             Mean          Std Dev

             10           9       11.4777778       3.75458978
             20           9       14.3888889       2.96835158
             30           9       15.7777778       3.36480972
             40           9       13.9111111       3.53250777


       Level of     Level of           --------------y--------------
       b            a            N             Mean          Std Dev

       10           1            3        9.2000000       1.30000000
       10           2            3        8.9333333       1.04083300
       10           3            3       16.3000000       1.11355287
       20           1            3       12.4333333       1.09696551
       20           2            3       12.6333333       1.10151411
       20           3            3       18.1000000       1.34536240
       30           1            3       12.9000000       0.98488578
       30           2            3       14.5000000       0.85440037
       30           3            3       19.9333333       1.67729942
       40           1            3       10.8000000       1.70000000
       40           2            3       12.7666667       1.61658075
       40           3            3       18.1666667       0.87368949
                              The SAS System                              4

                             The GLM Procedure

                    Coefficients for Estimate 20k - 10k
 
                                               Row 1

                      Intercept                    0

                      a         1                  0
                      a         2                  0
                      a         3                  0

                      b         10                -1
                      b         20                 1
                      b         30                 0
                      b         40                 0

                      b*a       10 1    -0.333333333
                      b*a       10 2    -0.333333333
                      b*a       10 3    -0.333333333
                      b*a       20 1    0.3333333333
                      b*a       20 2    0.3333333333
                      b*a       20 3    0.3333333333
                      b*a       30 1               0
                      b*a       30 2               0
                      b*a       30 3               0
                      b*a       40 1               0
                      b*a       40 2               0
                      b*a       40 3               0
                              The SAS System                              5

                             The GLM Procedure

                     Coefficients for Estimate v3 - v1
 
                                               Row 1

                      Intercept                    0

                      a         1                 -1
                      a         2                  0
                      a         3                  1

                      b         10                 0
                      b         20                 0
                      b         30                 0
                      b         40                 0

                      b*a       10 1           -0.25
                      b*a       10 2               0
                      b*a       10 3            0.25
                      b*a       20 1           -0.25
                      b*a       20 2               0
                      b*a       20 3            0.25
                      b*a       30 1           -0.25
                      b*a       30 2               0
                      b*a       30 3            0.25
                      b*a       40 1           -0.25
                      b*a       40 2               0
                      b*a       40 3            0.25
                              The SAS System                              6

                             The GLM Procedure
 
                         Dependent Variable: y   

                                            Standard
Parameter                   Estimate           Error    t Value    Pr > |t|

20k - 10k                 2.91111111      0.59348313       4.91      <.0001
v3 - v1                   6.79166667      0.51397146      13.21      <.0001
